ICCS0101	Intentional homicide:	
threw countries: {'EU27_2020', 'TR', 'EA19', 'EA20', 'RS', 'AL', 'CH', 'ME', 'LI', 'IS', 'EU27_2007', 'EU28', 'EU', 'NO', 'MK'}
ICCS0102	Attempted intentional homicide:	
threw countries: {'EU27_2020', 'TR', 'PT', 'EA19', 'SK', 'EA20', 'RS', 'AL', 'NL', 'CH', 'ME', 'LI', 'IS', 'EU27_2007', 'EU28', 'EU', 'NO', 'MK'}
ICCS020111	Serious assault:	
threw countries: {'EU27_2020', 'TR', 'EA19', 'EA20', 'HU', 'RS', 'AL', 'CH', 'ME', 'LI', 'IS', 'EU27_2007', 'EU28', 'EU', 'NO', 'MK'}
ICCS020221	Kidnapping:	
threw countries: {'LI', 'NO', 'TR', 'ME', 'EU', 'MK', 'SE', 'RS', 'EU27_2007', 'PL', 'EU27_2020', 'DK', 'EA19', 'EA20', 'AL', 'BE', 'FR', 'IS', 'EU28', 'CH'}
ICCS0301	Sexual violence:	
threw countries: {'EU27_2020', 'TR', 'EA19', 'EA20', 'RS', 'AL', 'CH', 'ME', 'LI', 'IS', 'EU27_2007', 'EU28', 'EU', 'NO', 'MK'}
ICCS03011	Rape:	
threw countries: {'EU27_2020', 'TR', 'EA19', 'EA20', 'RS', 'AL', 'IT', 'CH', 'ME', 'LI', 'IS', 'EU27_2007', 'EU28', 'EU', 'NO', 'MK'}
ICCS03012	Sexual assault:	
threw countries: {'EU27_2020', 'TR', 'EA19', 'EA20', 'HU', 'RS', 'LU', 'AL', 'IT', 'CH', 'LI', 'ME', 'IS', 'EU27_2007', 'EU28', 'EU', 'NO', 'MK'}
ICCS0302	Sexual exploitation:	
threw countries: {'SI', 'LI', 'MT', 'NO', 'TR', 'ME', 'EE', 'EU', 'MK', 'RS', 'EU27_2007', 'EU27_2020', 'EA19', 'EA20', 'LU', 'AL', 'BG', 'IS', 'EU28', 'CH'}
ICCS0401	Robbery:	
threw countries: {'EU27_2020', 'TR', 'EA19', 'EA20', 'RS', 'AL', 'CH', 'ME', 'LI', 'IS', 'EU27_2007', 'EU28', 'EU', 'NO', 'MK'}
ICCS0501	Burglary:	
threw countries: {'EU27_2020', 'TR', 'EA19', 'EA20', 'HU', 'RS', 'AL', 'IT', 'CH', 'LI', 'ME', 'EE', 'EU27_2007', 'IS', 'EU28', 'EU', 'NO', 'MK'}
ICCS05012	Burglary of private residential premises:	
threw countries: {'HU', 'IE', 'LI', 'NO', 'TR', 'ME', 'EU', 'MK', 'CY', 'RS', 'EU27_2007', 'EU27_2020', 'EA19', 'EA20', 'LU', 'AL', 'FR', 'IS', 'EU28', 'CH'}
ICCS0502	Theft:	
threw countries: {'EU27_2020', 'TR', 'EA19', 'EA20', 'RS', 'AL', 'CH', 'ME', 'LI', 'IS', 'EU27_2007', 'EU28', 'EU', 'NO', 'MK'}
ICCS05021	Theft of a motorized vehicle or parts thereof:	
threw countries: {'CY', 'EU27_2020', 'TR', 'EA19', 'EA20', 'HU', 'RS', 'AL', 'CH', 'FR', 'ME', 'LI', 'IS', 'EU27_2007', 'EU28', 'EU', 'NO', 'MK'}
ICCS0601	Unlawful acts involving controlled drugs or precursors:	
threw countries: {'EU27_2020', 'TR', 'EA19', 'EA20', 'RS', 'AL', 'CH', 'ME', 'LI', 'IS', 'EU27_2007', 'EU28', 'EU', 'NO', 'MK'}
ICCS0701	Fraud:	
threw countries: {'EU27_2020', 'TR', 'EA19', 'EA20', 'RS', 'AL', 'NL', 'CH', 'ME', 'LI', 'IS', 'EU27_2007', 'EU28', 'EU', 'NO', 'MK'}
ICCS0703	Corruption:	
threw countries: {'EU27_2020', 'TR', 'EA19', 'EA20', 'RS', 'AL', 'CH', 'ME', 'LI', 'IS', 'EU27_2007', 'EU28', 'EU', 'NO', 'MK'}
ICCS07031	Bribery:	
threw countries: {'EU27_2020', 'TR', 'EA19', 'EA20', 'IE', 'RS', 'NL', 'AL', 'CH', 'LI', 'ME', 'IS', 'EU27_2007', 'EU28', 'EU', 'NO', 'MK'}
ICCS07041	Money laundering:	
threw countries: {'SI', 'IE', 'LI', 'NO', 'TR', 'ME', 'EU', 'MK', 'CY', 'RS', 'EU27_2007', 'EU27_2020', 'EA19', 'EA20', 'LU', 'AL', 'IS', 'EU28', 'CH'}
ICCS0903	Acts against computer systems:	
threw countries: {'EU27_2020', 'TR', 'DK', 'EA19', 'EA20', 'LU', 'RS', 'AL', 'CH', 'ME', 'LI', 'IS', 'EU27_2007', 'EU28', 'EU', 'NO', 'MK'}
ICCS09051	Participation in an organized criminal group:	
threw countries: {'HU', 'IE', 'LI', 'NO', 'TR', 'ME', 'EU', 'MK', 'SE', 'RS', 'NL', 'EU27_2007', 'EU27_2020', 'LV', 'DK', 'EA19', 'EA20', 'AL', 'IS', 'EU28', 'CH'}
